{"/Users/shayd/workspace/FastCI/fastci/src/otel-cicd-action/trace/job.ts": {"path":"/Users/shayd/workspace/FastCI/fastci/src/otel-cicd-action/trace/job.ts","statementMap":{"0":{"start":{"line":159,"column":9},"end":{"line":159,"column":17}},"1":{"start":{"line":159,"column":19},"end":{"line":159,"column":44}},"2":{"start":{"line":2,"column":0},"end":{"line":2,"column":76}},"3":{"start":{"line":3,"column":0},"end":{"line":3,"column":null}},"4":{"start":{"line":12,"column":0},"end":{"line":12,"column":35}},"5":{"start":{"line":14,"column":0},"end":{"line":14,"column":75}},"6":{"start":{"line":19,"column":17},"end":{"line":19,"column":52}},"7":{"start":{"line":21,"column":2},"end":{"line":25,"column":3}},"8":{"start":{"line":22,"column":4},"end":{"line":22,"column":48}},"9":{"start":{"line":27,"column":20},"end":{"line":27,"column":44}},"10":{"start":{"line":28,"column":24},"end":{"line":28,"column":50}},"11":{"start":{"line":29,"column":21},"end":{"line":32,"column":4}},"12":{"start":{"line":34,"column":2},"end":{"line":72,"column":5}},"13":{"start":{"line":35,"column":17},"end":{"line":35,"column":88}},"14":{"start":{"line":36,"column":4},"end":{"line":36,"column":29}},"15":{"start":{"line":39,"column":33},"end":{"line":39,"column":83}},"16":{"start":{"line":42,"column":4},"end":{"line":68,"column":5}},"17":{"start":{"line":43,"column":25},"end":{"line":43,"column":85}},"18":{"start":{"line":46,"column":6},"end":{"line":57,"column":7}},"19":{"start":{"line":47,"column":30},"end":{"line":47,"column":63}},"20":{"start":{"line":48,"column":8},"end":{"line":54,"column":9}},"21":{"start":{"line":49,"column":10},"end":{"line":53,"column":13}},"22":{"start":{"line":55,"column":8},"end":{"line":55,"column":53}},"23":{"start":{"line":56,"column":10},"end":{"line":56,"column":32}},"24":{"start":{"line":60,"column":6},"end":{"line":62,"column":7}},"25":{"start":{"line":61,"column":8},"end":{"line":61,"column":54}},"26":{"start":{"line":65,"column":6},"end":{"line":67,"column":7}},"27":{"start":{"line":66,"column":8},"end":{"line":66,"column":30}},"28":{"start":{"line":71,"column":4},"end":{"line":71,"column":79}},"29":{"start":{"line":78,"column":2},"end":{"line":84,"column":3}},"30":{"start":{"line":79,"column":4},"end":{"line":79,"column":51}},"31":{"start":{"line":80,"column":9},"end":{"line":84,"column":3}},"32":{"start":{"line":81,"column":4},"end":{"line":81,"column":50}},"33":{"start":{"line":82,"column":9},"end":{"line":84,"column":3}},"34":{"start":{"line":83,"column":4},"end":{"line":83,"column":52}},"35":{"start":{"line":86,"column":2},"end":{"line":117,"column":4}},"36":{"start":{"line":121,"column":33},"end":{"line":121,"column":35}},"37":{"start":{"line":123,"column":2},"end":{"line":129,"column":3}},"38":{"start":{"line":123,"column":15},"end":{"line":123,"column":16}},"39":{"start":{"line":124,"column":23},"end":{"line":124,"column":37}},"40":{"start":{"line":125,"column":19},"end":{"line":125,"column":48}},"41":{"start":{"line":127,"column":4},"end":{"line":127,"column":77}},"42":{"start":{"line":128,"column":4},"end":{"line":128,"column":70}},"43":{"start":{"line":131,"column":2},"end":{"line":131,"column":20}},"44":{"start":{"line":141,"column":42},"end":{"line":141,"column":44}},"45":{"start":{"line":144,"column":2},"end":{"line":153,"column":3}},"46":{"start":{"line":144,"column":15},"end":{"line":144,"column":38}},"47":{"start":{"line":145,"column":20},"end":{"line":145,"column":35}},"48":{"start":{"line":148,"column":4},"end":{"line":152,"column":5}},"49":{"start":{"line":150,"column":22},"end":{"line":150,"column":50}},"50":{"start":{"line":151,"column":6},"end":{"line":151,"column":37}},"51":{"start":{"line":156,"column":2},"end":{"line":156,"column":36}}},"fnMap":{"0":{"name":"traceJob","decl":{"start":{"line":16,"column":15},"end":{"line":16,"column":23}},"loc":{"start":{"line":18,"column":60},"end":{"line":73,"column":1}}},"1":{"name":"(anonymous_1)","decl":{"start":{"line":34,"column":68},"end":{"line":34,"column":73}},"loc":{"start":{"line":34,"column":83},"end":{"line":72,"column":3}}},"2":{"name":"jobToAttributes","decl":{"start":{"line":75,"column":9},"end":{"line":75,"column":24}},"loc":{"start":{"line":75,"column":58},"end":{"line":118,"column":1}}},"3":{"name":"annotationsToAttributes","decl":{"start":{"line":120,"column":9},"end":{"line":120,"column":32}},"loc":{"start":{"line":120,"column":101},"end":{"line":132,"column":1}}},"4":{"name":"filterProcessesBeforeTime","decl":{"start":{"line":140,"column":9},"end":{"line":140,"column":34}},"loc":{"start":{"line":140,"column":79},"end":{"line":157,"column":1}}}},"branchMap":{"0":{"loc":{"start":{"line":21,"column":2},"end":{"line":25,"column":3}},"type":"if","locations":[{"start":{"line":21,"column":2},"end":{"line":25,"column":3}}]},"1":{"loc":{"start":{"line":35,"column":17},"end":{"line":35,"column":88}},"type":"cond-expr","locations":[{"start":{"line":35,"column":48},"end":{"line":35,"column":68}},{"start":{"line":35,"column":71},"end":{"line":35,"column":88}}]},"2":{"loc":{"start":{"line":42,"column":4},"end":{"line":68,"column":5}},"type":"if","locations":[{"start":{"line":42,"column":4},"end":{"line":68,"column":5}},{"start":{"line":58,"column":11},"end":{"line":68,"column":5}}]},"3":{"loc":{"start":{"line":42,"column":8},"end":{"line":42,"column":76}},"type":"binary-expr","locations":[{"start":{"line":42,"column":8},"end":{"line":42,"column":17}},{"start":{"line":42,"column":21},"end":{"line":42,"column":41}},{"start":{"line":42,"column":45},"end":{"line":42,"column":76}}]},"4":{"loc":{"start":{"line":47,"column":30},"end":{"line":47,"column":63}},"type":"binary-expr","locations":[{"start":{"line":47,"column":30},"end":{"line":47,"column":57}},{"start":{"line":47,"column":61},"end":{"line":47,"column":63}}]},"5":{"loc":{"start":{"line":48,"column":8},"end":{"line":54,"column":9}},"type":"if","locations":[{"start":{"line":48,"column":8},"end":{"line":54,"column":9}}]},"6":{"loc":{"start":{"line":60,"column":6},"end":{"line":62,"column":7}},"type":"if","locations":[{"start":{"line":60,"column":6},"end":{"line":62,"column":7}}]},"7":{"loc":{"start":{"line":65,"column":25},"end":{"line":65,"column":40}},"type":"binary-expr","locations":[{"start":{"line":65,"column":25},"end":{"line":65,"column":34}},{"start":{"line":65,"column":38},"end":{"line":65,"column":40}}]},"8":{"loc":{"start":{"line":78,"column":2},"end":{"line":84,"column":3}},"type":"if","locations":[{"start":{"line":78,"column":2},"end":{"line":84,"column":3}},{"start":{"line":80,"column":9},"end":{"line":84,"column":3}}]},"9":{"loc":{"start":{"line":80,"column":9},"end":{"line":84,"column":3}},"type":"if","locations":[{"start":{"line":80,"column":9},"end":{"line":84,"column":3}},{"start":{"line":82,"column":9},"end":{"line":84,"column":3}}]},"10":{"loc":{"start":{"line":82,"column":9},"end":{"line":84,"column":3}},"type":"if","locations":[{"start":{"line":82,"column":9},"end":{"line":84,"column":3}}]},"11":{"loc":{"start":{"line":91,"column":44},"end":{"line":91,"column":69}},"type":"binary-expr","locations":[{"start":{"line":91,"column":44},"end":{"line":91,"column":56}},{"start":{"line":91,"column":60},"end":{"line":91,"column":69}}]},"12":{"loc":{"start":{"line":97,"column":30},"end":{"line":97,"column":50}},"type":"binary-expr","locations":[{"start":{"line":97,"column":30},"end":{"line":97,"column":45}},{"start":{"line":97,"column":49},"end":{"line":97,"column":50}}]},"13":{"loc":{"start":{"line":101,"column":27},"end":{"line":101,"column":52}},"type":"binary-expr","locations":[{"start":{"line":101,"column":27},"end":{"line":101,"column":39}},{"start":{"line":101,"column":43},"end":{"line":101,"column":52}}]},"14":{"loc":{"start":{"line":103,"column":28},"end":{"line":103,"column":54}},"type":"binary-expr","locations":[{"start":{"line":103,"column":28},"end":{"line":103,"column":41}},{"start":{"line":103,"column":45},"end":{"line":103,"column":54}}]},"15":{"loc":{"start":{"line":104,"column":34},"end":{"line":104,"column":66}},"type":"binary-expr","locations":[{"start":{"line":104,"column":34},"end":{"line":104,"column":53}},{"start":{"line":104,"column":57},"end":{"line":104,"column":66}}]},"16":{"loc":{"start":{"line":105,"column":36},"end":{"line":105,"column":70}},"type":"binary-expr","locations":[{"start":{"line":105,"column":36},"end":{"line":105,"column":57}},{"start":{"line":105,"column":61},"end":{"line":105,"column":70}}]},"17":{"loc":{"start":{"line":106,"column":30},"end":{"line":106,"column":58}},"type":"binary-expr","locations":[{"start":{"line":106,"column":30},"end":{"line":106,"column":45}},{"start":{"line":106,"column":49},"end":{"line":106,"column":58}}]},"18":{"loc":{"start":{"line":107,"column":29},"end":{"line":107,"column":56}},"type":"binary-expr","locations":[{"start":{"line":107,"column":29},"end":{"line":107,"column":43}},{"start":{"line":107,"column":47},"end":{"line":107,"column":56}}]},"19":{"loc":{"start":{"line":111,"column":31},"end":{"line":111,"column":60}},"type":"binary-expr","locations":[{"start":{"line":111,"column":31},"end":{"line":111,"column":47}},{"start":{"line":111,"column":51},"end":{"line":111,"column":60}}]},"20":{"loc":{"start":{"line":112,"column":25},"end":{"line":112,"column":52}},"type":"binary-expr","locations":[{"start":{"line":112,"column":25},"end":{"line":112,"column":39}},{"start":{"line":112,"column":43},"end":{"line":112,"column":52}}]},"21":{"loc":{"start":{"line":114,"column":33},"end":{"line":114,"column":71}},"type":"binary-expr","locations":[{"start":{"line":114,"column":33},"end":{"line":114,"column":58}},{"start":{"line":114,"column":62},"end":{"line":114,"column":71}}]},"22":{"loc":{"start":{"line":115,"column":31},"end":{"line":115,"column":67}},"type":"binary-expr","locations":[{"start":{"line":115,"column":31},"end":{"line":115,"column":54}},{"start":{"line":115,"column":58},"end":{"line":115,"column":67}}]},"23":{"loc":{"start":{"line":123,"column":18},"end":{"line":123,"column":55}},"type":"binary-expr","locations":[{"start":{"line":123,"column":18},"end":{"line":123,"column":29}},{"start":{"line":123,"column":33},"end":{"line":123,"column":55}}]},"24":{"loc":{"start":{"line":127,"column":36},"end":{"line":127,"column":76}},"type":"binary-expr","locations":[{"start":{"line":127,"column":36},"end":{"line":127,"column":63}},{"start":{"line":127,"column":67},"end":{"line":127,"column":76}}]},"25":{"loc":{"start":{"line":128,"column":38},"end":{"line":128,"column":69}},"type":"binary-expr","locations":[{"start":{"line":128,"column":38},"end":{"line":128,"column":56}},{"start":{"line":128,"column":60},"end":{"line":128,"column":69}}]},"26":{"loc":{"start":{"line":148,"column":4},"end":{"line":152,"column":5}},"type":"if","locations":[{"start":{"line":148,"column":4},"end":{"line":152,"column":5}}]}},"s":{"0":2,"1":2,"2":2,"3":2,"4":2,"5":2,"6":4,"7":4,"8":0,"9":4,"10":4,"11":4,"12":4,"13":4,"14":4,"15":4,"16":3,"17":1,"18":1,"19":2,"20":2,"21":2,"22":2,"23":2,"24":2,"25":0,"26":2,"27":4,"28":3,"29":4,"30":0,"31":4,"32":4,"33":0,"34":0,"35":4,"36":4,"37":4,"38":4,"39":4,"40":4,"41":4,"42":4,"43":4,"44":7,"45":7,"46":7,"47":8,"48":8,"49":2,"50":2,"51":6},"f":{"0":4,"1":4,"2":4,"3":4,"4":7},"b":{"0":[0],"1":[1,3],"2":[1,2],"3":[3,3,3],"4":[2,0],"5":[2],"6":[0],"7":[2,0],"8":[0,4],"9":[4,0],"10":[0],"11":[4,4],"12":[4,0],"13":[4,4],"14":[4,0],"15":[4,4],"16":[4,4],"17":[4,4],"18":[4,0],"19":[4,0],"20":[4,0],"21":[4,4],"22":[4,4],"23":[8,8],"24":[4,0],"25":[4,0],"26":[2]}}
,"/Users/shayd/workspace/FastCI/fastci/src/otel-cicd-action/trace/process.ts": {"path":"/Users/shayd/workspace/FastCI/fastci/src/otel-cicd-action/trace/process.ts","statementMap":{"0":{"start":{"line":13,"column":0},"end":{"line":13,"column":7}},"1":{"start":{"line":179,"column":0},"end":{"line":179,"column":7}},"2":{"start":{"line":190,"column":0},"end":{"line":190,"column":16}},"3":{"start":{"line":246,"column":0},"end":{"line":246,"column":16}},"4":{"start":{"line":1,"column":0},"end":{"line":1,"column":74}},"5":{"start":{"line":4,"column":0},"end":{"line":4,"column":38}},"6":{"start":{"line":14,"column":17},"end":{"line":14,"column":50}},"7":{"start":{"line":17,"column":2},"end":{"line":17,"column":63}},"8":{"start":{"line":18,"column":2},"end":{"line":55,"column":4}},"9":{"start":{"line":26,"column":6},"end":{"line":28,"column":7}},"10":{"start":{"line":27,"column":8},"end":{"line":27,"column":47}},"11":{"start":{"line":31,"column":6},"end":{"line":31,"column":63}},"12":{"start":{"line":34,"column":6},"end":{"line":43,"column":7}},"13":{"start":{"line":35,"column":25},"end":{"line":35,"column":59}},"14":{"start":{"line":36,"column":8},"end":{"line":42,"column":9}},"15":{"start":{"line":37,"column":10},"end":{"line":37,"column":63}},"16":{"start":{"line":38,"column":10},"end":{"line":38,"column":49}},"17":{"start":{"line":39,"column":10},"end":{"line":39,"column":91}},"18":{"start":{"line":41,"column":10},"end":{"line":41,"column":60}},"19":{"start":{"line":46,"column":28},"end":{"line":47,"column":null}},"20":{"start":{"line":47,"column":8},"end":{"line":47,"column":50}},"21":{"start":{"line":50,"column":6},"end":{"line":50,"column":39}},"22":{"start":{"line":53,"column":6},"end":{"line":53,"column":67}},"23":{"start":{"line":65,"column":17},"end":{"line":65,"column":50}},"24":{"start":{"line":67,"column":2},"end":{"line":106,"column":5}},"25":{"start":{"line":68,"column":4},"end":{"line":105,"column":6}},"26":{"start":{"line":76,"column":8},"end":{"line":78,"column":9}},"27":{"start":{"line":77,"column":10},"end":{"line":77,"column":48}},"28":{"start":{"line":81,"column":8},"end":{"line":81,"column":65}},"29":{"start":{"line":84,"column":8},"end":{"line":93,"column":9}},"30":{"start":{"line":85,"column":27},"end":{"line":85,"column":62}},"31":{"start":{"line":86,"column":10},"end":{"line":92,"column":11}},"32":{"start":{"line":87,"column":12},"end":{"line":87,"column":64}},"33":{"start":{"line":88,"column":12},"end":{"line":88,"column":50}},"34":{"start":{"line":89,"column":12},"end":{"line":89,"column":92}},"35":{"start":{"line":91,"column":12},"end":{"line":91,"column":61}},"36":{"start":{"line":96,"column":35},"end":{"line":97,"column":null}},"37":{"start":{"line":97,"column":10},"end":{"line":97,"column":56}},"38":{"start":{"line":100,"column":8},"end":{"line":100,"column":46}},"39":{"start":{"line":103,"column":8},"end":{"line":103,"column":69}},"40":{"start":{"line":115,"column":2},"end":{"line":129,"column":3}},"41":{"start":{"line":116,"column":4},"end":{"line":128,"column":6}},"42":{"start":{"line":139,"column":22},"end":{"line":139,"column":33}},"43":{"start":{"line":141,"column":42},"end":{"line":163,"column":4}},"44":{"start":{"line":166,"column":2},"end":{"line":169,"column":3}},"45":{"start":{"line":167,"column":4},"end":{"line":167,"column":51}},"46":{"start":{"line":168,"column":4},"end":{"line":168,"column":47}},"47":{"start":{"line":171,"column":2},"end":{"line":171,"column":20}},"48":{"start":{"line":180,"column":19},"end":{"line":180,"column":73}},"49":{"start":{"line":180,"column":44},"end":{"line":180,"column":72}},"50":{"start":{"line":181,"column":2},"end":{"line":181,"column":30}},"51":{"start":{"line":194,"column":18},"end":{"line":194,"column":50}},"52":{"start":{"line":197,"column":2},"end":{"line":199,"column":5}},"53":{"start":{"line":198,"column":4},"end":{"line":198,"column":33}},"54":{"start":{"line":202,"column":2},"end":{"line":236,"column":3}},"55":{"start":{"line":203,"column":29},"end":{"line":203,"column":59}},"56":{"start":{"line":207,"column":22},"end":{"line":207,"column":45}},"57":{"start":{"line":209,"column":4},"end":{"line":228,"column":5}},"58":{"start":{"line":210,"column":6},"end":{"line":210,"column":37}},"59":{"start":{"line":210,"column":28},"end":{"line":210,"column":37}},"60":{"start":{"line":212,"column":28},"end":{"line":212,"column":53}},"61":{"start":{"line":214,"column":6},"end":{"line":220,"column":7}},"62":{"start":{"line":215,"column":28},"end":{"line":215,"column":55}},"63":{"start":{"line":216,"column":8},"end":{"line":219,"column":9}},"64":{"start":{"line":217,"column":10},"end":{"line":217,"column":31}},"65":{"start":{"line":218,"column":10},"end":{"line":218,"column":16}},"66":{"start":{"line":223,"column":23},"end":{"line":223,"column":85}},"67":{"start":{"line":224,"column":6},"end":{"line":227,"column":7}},"68":{"start":{"line":225,"column":8},"end":{"line":225,"column":31}},"69":{"start":{"line":226,"column":8},"end":{"line":226,"column":29}},"70":{"start":{"line":231,"column":4},"end":{"line":235,"column":5}},"71":{"start":{"line":232,"column":28},"end":{"line":232,"column":67}},"72":{"start":{"line":233,"column":6},"end":{"line":233,"column":38}},"73":{"start":{"line":234,"column":6},"end":{"line":234,"column":55}},"74":{"start":{"line":238,"column":2},"end":{"line":238,"column":17}},"75":{"start":{"line":247,"column":2},"end":{"line":247,"column":55}},"76":{"start":{"line":248,"column":2},"end":{"line":248,"column":51}},"77":{"start":{"line":249,"column":2},"end":{"line":249,"column":55}},"78":{"start":{"line":250,"column":2},"end":{"line":250,"column":76}},"79":{"start":{"line":252,"column":2},"end":{"line":254,"column":3}},"80":{"start":{"line":253,"column":4},"end":{"line":253,"column":65}},"81":{"start":{"line":256,"column":2},"end":{"line":258,"column":3}},"82":{"start":{"line":257,"column":4},"end":{"line":257,"column":69}}},"fnMap":{"0":{"name":"traceProcessTree","decl":{"start":{"line":13,"column":22},"end":{"line":13,"column":38}},"loc":{"start":{"line":13,"column":76},"end":{"line":56,"column":1}}},"1":{"name":"(anonymous_1)","decl":{"start":{"line":24,"column":4},"end":{"line":24,"column":9}},"loc":{"start":{"line":24,"column":25},"end":{"line":54,"column":5}}},"2":{"name":"(anonymous_2)","decl":{"start":{"line":46,"column":53},"end":{"line":46,"column":58}},"loc":{"start":{"line":47,"column":8},"end":{"line":47,"column":50}}},"3":{"name":"traceChildProcess","decl":{"start":{"line":64,"column":15},"end":{"line":64,"column":32}},"loc":{"start":{"line":64,"column":89},"end":{"line":107,"column":1}}},"4":{"name":"(anonymous_4)","decl":{"start":{"line":67,"column":67},"end":{"line":67,"column":72}},"loc":{"start":{"line":67,"column":78},"end":{"line":106,"column":3}}},"5":{"name":"(anonymous_5)","decl":{"start":{"line":74,"column":6},"end":{"line":74,"column":11}},"loc":{"start":{"line":74,"column":26},"end":{"line":104,"column":7}}},"6":{"name":"(anonymous_6)","decl":{"start":{"line":96,"column":61},"end":{"line":96,"column":71}},"loc":{"start":{"line":97,"column":10},"end":{"line":97,"column":56}}},"7":{"name":"addFileEventsToSpan","decl":{"start":{"line":114,"column":9},"end":{"line":114,"column":28}},"loc":{"start":{"line":114,"column":64},"end":{"line":130,"column":1}}},"8":{"name":"processToAttributes","decl":{"start":{"line":138,"column":9},"end":{"line":138,"column":28}},"loc":{"start":{"line":138,"column":66},"end":{"line":172,"column":1}}},"9":{"name":"traceProcessTrees","decl":{"start":{"line":179,"column":22},"end":{"line":179,"column":39}},"loc":{"start":{"line":179,"column":80},"end":{"line":182,"column":1}}},"10":{"name":"(anonymous_10)","decl":{"start":{"line":180,"column":36},"end":{"line":180,"column":40}},"loc":{"start":{"line":180,"column":44},"end":{"line":180,"column":72}}},"11":{"name":"associateProcessesWithSteps","decl":{"start":{"line":190,"column":16},"end":{"line":190,"column":43}},"loc":{"start":{"line":192,"column":15},"end":{"line":239,"column":1}}},"12":{"name":"(anonymous_12)","decl":{"start":{"line":197,"column":16},"end":{"line":197,"column":20}},"loc":{"start":{"line":197,"column":23},"end":{"line":199,"column":3}}},"13":{"name":"addStepContextToSpan","decl":{"start":{"line":246,"column":16},"end":{"line":246,"column":36}},"loc":{"start":{"line":246,"column":59},"end":{"line":259,"column":1}}}},"branchMap":{"0":{"loc":{"start":{"line":19,"column":4},"end":{"line":19,"column":44}},"type":"binary-expr","locations":[{"start":{"line":19,"column":4},"end":{"line":19,"column":31}},{"start":{"line":19,"column":35},"end":{"line":19,"column":44}}]},"1":{"loc":{"start":{"line":26,"column":6},"end":{"line":28,"column":7}},"type":"if","locations":[{"start":{"line":26,"column":6},"end":{"line":28,"column":7}}]},"2":{"loc":{"start":{"line":34,"column":6},"end":{"line":43,"column":7}},"type":"if","locations":[{"start":{"line":34,"column":6},"end":{"line":43,"column":7}}]},"3":{"loc":{"start":{"line":35,"column":25},"end":{"line":35,"column":59}},"type":"binary-expr","locations":[{"start":{"line":35,"column":25},"end":{"line":35,"column":54}},{"start":{"line":35,"column":58},"end":{"line":35,"column":59}}]},"4":{"loc":{"start":{"line":36,"column":8},"end":{"line":42,"column":9}},"type":"if","locations":[{"start":{"line":36,"column":8},"end":{"line":42,"column":9}},{"start":{"line":40,"column":15},"end":{"line":42,"column":9}}]},"5":{"loc":{"start":{"line":53,"column":21},"end":{"line":53,"column":65}},"type":"binary-expr","locations":[{"start":{"line":53,"column":21},"end":{"line":53,"column":51}},{"start":{"line":53,"column":55},"end":{"line":53,"column":65}}]},"6":{"loc":{"start":{"line":69,"column":6},"end":{"line":69,"column":53}},"type":"binary-expr","locations":[{"start":{"line":69,"column":6},"end":{"line":69,"column":34}},{"start":{"line":69,"column":38},"end":{"line":69,"column":53}}]},"7":{"loc":{"start":{"line":76,"column":8},"end":{"line":78,"column":9}},"type":"if","locations":[{"start":{"line":76,"column":8},"end":{"line":78,"column":9}}]},"8":{"loc":{"start":{"line":84,"column":8},"end":{"line":93,"column":9}},"type":"if","locations":[{"start":{"line":84,"column":8},"end":{"line":93,"column":9}}]},"9":{"loc":{"start":{"line":85,"column":27},"end":{"line":85,"column":62}},"type":"binary-expr","locations":[{"start":{"line":85,"column":27},"end":{"line":85,"column":57}},{"start":{"line":85,"column":61},"end":{"line":85,"column":62}}]},"10":{"loc":{"start":{"line":86,"column":10},"end":{"line":92,"column":11}},"type":"if","locations":[{"start":{"line":86,"column":10},"end":{"line":92,"column":11}},{"start":{"line":90,"column":17},"end":{"line":92,"column":11}}]},"11":{"loc":{"start":{"line":103,"column":22},"end":{"line":103,"column":67}},"type":"binary-expr","locations":[{"start":{"line":103,"column":22},"end":{"line":103,"column":53}},{"start":{"line":103,"column":57},"end":{"line":103,"column":67}}]},"12":{"loc":{"start":{"line":150,"column":26},"end":{"line":150,"column":91}},"type":"cond-expr","locations":[{"start":{"line":150,"column":47},"end":{"line":150,"column":79}},{"start":{"line":150,"column":82},"end":{"line":150,"column":91}}]},"13":{"loc":{"start":{"line":151,"column":25},"end":{"line":151,"column":83}},"type":"cond-expr","locations":[{"start":{"line":151,"column":54},"end":{"line":151,"column":71}},{"start":{"line":151,"column":74},"end":{"line":151,"column":83}}]},"14":{"loc":{"start":{"line":166,"column":2},"end":{"line":169,"column":3}},"type":"if","locations":[{"start":{"line":166,"column":2},"end":{"line":169,"column":3}}]},"15":{"loc":{"start":{"line":210,"column":6},"end":{"line":210,"column":37}},"type":"if","locations":[{"start":{"line":210,"column":6},"end":{"line":210,"column":37}}]},"16":{"loc":{"start":{"line":214,"column":6},"end":{"line":220,"column":7}},"type":"if","locations":[{"start":{"line":214,"column":6},"end":{"line":220,"column":7}}]},"17":{"loc":{"start":{"line":216,"column":8},"end":{"line":219,"column":9}},"type":"if","locations":[{"start":{"line":216,"column":8},"end":{"line":219,"column":9}}]},"18":{"loc":{"start":{"line":216,"column":12},"end":{"line":216,"column":80}},"type":"binary-expr","locations":[{"start":{"line":216,"column":12},"end":{"line":216,"column":45}},{"start":{"line":216,"column":49},"end":{"line":216,"column":80}}]},"19":{"loc":{"start":{"line":224,"column":6},"end":{"line":227,"column":7}},"type":"if","locations":[{"start":{"line":224,"column":6},"end":{"line":227,"column":7}}]},"20":{"loc":{"start":{"line":231,"column":4},"end":{"line":235,"column":5}},"type":"if","locations":[{"start":{"line":231,"column":4},"end":{"line":235,"column":5}}]},"21":{"loc":{"start":{"line":232,"column":28},"end":{"line":232,"column":67}},"type":"binary-expr","locations":[{"start":{"line":232,"column":28},"end":{"line":232,"column":61}},{"start":{"line":232,"column":65},"end":{"line":232,"column":67}}]},"22":{"loc":{"start":{"line":250,"column":46},"end":{"line":250,"column":74}},"type":"binary-expr","locations":[{"start":{"line":250,"column":46},"end":{"line":250,"column":61}},{"start":{"line":250,"column":65},"end":{"line":250,"column":74}}]},"23":{"loc":{"start":{"line":252,"column":2},"end":{"line":254,"column":3}},"type":"if","locations":[{"start":{"line":252,"column":2},"end":{"line":254,"column":3}}]},"24":{"loc":{"start":{"line":256,"column":2},"end":{"line":258,"column":3}},"type":"if","locations":[{"start":{"line":256,"column":2},"end":{"line":258,"column":3}}]}},"s":{"0":2,"1":2,"2":2,"3":2,"4":2,"5":2,"6":0,"7":0,"8":0,"9":0,"10":0,"11":0,"12":0,"13":0,"14":0,"15":0,"16":0,"17":0,"18":0,"19":0,"20":0,"21":0,"22":0,"23":0,"24":0,"25":0,"26":0,"27":0,"28":0,"29":0,"30":0,"31":0,"32":0,"33":0,"34":0,"35":0,"36":0,"37":0,"38":0,"39":0,"40":0,"41":0,"42":0,"43":0,"44":0,"45":0,"46":0,"47":0,"48":0,"49":0,"50":0,"51":0,"52":0,"53":0,"54":0,"55":0,"56":0,"57":0,"58":0,"59":0,"60":0,"61":0,"62":0,"63":0,"64":0,"65":0,"66":0,"67":0,"68":0,"69":0,"70":0,"71":0,"72":0,"73":0,"74":0,"75":0,"76":0,"77":0,"78":0,"79":0,"80":0,"81":0,"82":0},"f":{"0":0,"1":0,"2":0,"3":0,"4":0,"5":0,"6":0,"7":0,"8":0,"9":0,"10":0,"11":0,"12":0,"13":0},"b":{"0":[0,0],"1":[0],"2":[0],"3":[0,0],"4":[0,0],"5":[0,0],"6":[0,0],"7":[0],"8":[0],"9":[0,0],"10":[0,0],"11":[0,0],"12":[0,0],"13":[0,0],"14":[0],"15":[0],"16":[0],"17":[0],"18":[0,0],"19":[0],"20":[0],"21":[0,0],"22":[0,0],"23":[0],"24":[0]}}
,"/Users/shayd/workspace/FastCI/fastci/src/otel-cicd-action/trace/step.ts": {"path":"/Users/shayd/workspace/FastCI/fastci/src/otel-cicd-action/trace/step.ts","statementMap":{"0":{"start":{"line":46,"column":9},"end":{"line":46,"column":18}},"1":{"start":{"line":2,"column":0},"end":{"line":2,"column":76}},"2":{"start":{"line":7,"column":17},"end":{"line":7,"column":52}},"3":{"start":{"line":9,"column":2},"end":{"line":13,"column":3}},"4":{"start":{"line":10,"column":4},"end":{"line":10,"column":49}},"5":{"start":{"line":15,"column":2},"end":{"line":19,"column":3}},"6":{"start":{"line":16,"column":4},"end":{"line":16,"column":87}},"7":{"start":{"line":21,"column":20},"end":{"line":21,"column":59}},"8":{"start":{"line":22,"column":24},"end":{"line":22,"column":51}},"9":{"start":{"line":23,"column":21},"end":{"line":23,"column":43}},"10":{"start":{"line":25,"column":2},"end":{"line":31,"column":5}},"11":{"start":{"line":26,"column":17},"end":{"line":26,"column":89}},"12":{"start":{"line":27,"column":4},"end":{"line":27,"column":29}},"13":{"start":{"line":30,"column":4},"end":{"line":30,"column":79}},"14":{"start":{"line":35,"column":2},"end":{"line":43,"column":4}}},"fnMap":{"0":{"name":"traceStep","decl":{"start":{"line":6,"column":15},"end":{"line":6,"column":24}},"loc":{"start":{"line":6,"column":35},"end":{"line":32,"column":1}}},"1":{"name":"(anonymous_1)","decl":{"start":{"line":25,"column":69},"end":{"line":25,"column":74}},"loc":{"start":{"line":25,"column":84},"end":{"line":31,"column":3}}},"2":{"name":"stepToAttributes","decl":{"start":{"line":34,"column":9},"end":{"line":34,"column":25}},"loc":{"start":{"line":34,"column":36},"end":{"line":44,"column":1}}}},"branchMap":{"0":{"loc":{"start":{"line":9,"column":2},"end":{"line":13,"column":3}},"type":"if","locations":[{"start":{"line":9,"column":2},"end":{"line":13,"column":3}}]},"1":{"loc":{"start":{"line":9,"column":6},"end":{"line":9,"column":44}},"type":"binary-expr","locations":[{"start":{"line":9,"column":6},"end":{"line":9,"column":24}},{"start":{"line":9,"column":28},"end":{"line":9,"column":44}}]},"2":{"loc":{"start":{"line":15,"column":2},"end":{"line":19,"column":3}},"type":"if","locations":[{"start":{"line":15,"column":2},"end":{"line":19,"column":3}}]},"3":{"loc":{"start":{"line":15,"column":6},"end":{"line":15,"column":70}},"type":"binary-expr","locations":[{"start":{"line":15,"column":6},"end":{"line":15,"column":37}},{"start":{"line":15,"column":41},"end":{"line":15,"column":70}}]},"4":{"loc":{"start":{"line":16,"column":24},"end":{"line":16,"column":86}},"type":"cond-expr","locations":[{"start":{"line":16,"column":42},"end":{"line":16,"column":81}},{"start":{"line":16,"column":84},"end":{"line":16,"column":86}}]},"5":{"loc":{"start":{"line":21,"column":29},"end":{"line":21,"column":58}},"type":"binary-expr","locations":[{"start":{"line":21,"column":29},"end":{"line":21,"column":44}},{"start":{"line":21,"column":48},"end":{"line":21,"column":58}}]},"6":{"loc":{"start":{"line":26,"column":17},"end":{"line":26,"column":89}},"type":"cond-expr","locations":[{"start":{"line":26,"column":49},"end":{"line":26,"column":69}},{"start":{"line":26,"column":72},"end":{"line":26,"column":89}}]},"7":{"loc":{"start":{"line":37,"column":34},"end":{"line":37,"column":62}},"type":"binary-expr","locations":[{"start":{"line":37,"column":34},"end":{"line":37,"column":49}},{"start":{"line":37,"column":53},"end":{"line":37,"column":62}}]},"8":{"loc":{"start":{"line":40,"column":34},"end":{"line":40,"column":62}},"type":"binary-expr","locations":[{"start":{"line":40,"column":34},"end":{"line":40,"column":49}},{"start":{"line":40,"column":53},"end":{"line":40,"column":62}}]},"9":{"loc":{"start":{"line":41,"column":36},"end":{"line":41,"column":66}},"type":"binary-expr","locations":[{"start":{"line":41,"column":36},"end":{"line":41,"column":53}},{"start":{"line":41,"column":57},"end":{"line":41,"column":66}}]}},"s":{"0":3,"1":3,"2":5,"3":5,"4":3,"5":5,"6":2,"7":5,"8":5,"9":5,"10":5,"11":5,"12":5,"13":5,"14":5},"f":{"0":5,"1":5,"2":5},"b":{"0":[3],"1":[5,2],"2":[2],"3":[5,4],"4":[2,0],"5":[5,0],"6":[1,4],"7":[5,1],"8":[5,0],"9":[5,0]}}
,"/Users/shayd/workspace/FastCI/fastci/src/otel-cicd-action/trace/workflow.ts": {"path":"/Users/shayd/workspace/FastCI/fastci/src/otel-cicd-action/trace/workflow.ts","statementMap":{"0":{"start":{"line":149,"column":9},"end":{"line":149,"column":25}},"1":{"start":{"line":2,"column":0},"end":{"line":2,"column":85}},"2":{"start":{"line":3,"column":0},"end":{"line":3,"column":116}},"3":{"start":{"line":4,"column":0},"end":{"line":4,"column":33}},"4":{"start":{"line":5,"column":0},"end":{"line":5,"column":38}},"5":{"start":{"line":14,"column":17},"end":{"line":14,"column":52}},"6":{"start":{"line":16,"column":20},"end":{"line":16,"column":82}},"7":{"start":{"line":17,"column":21},"end":{"line":17,"column":67}},"8":{"start":{"line":19,"column":2},"end":{"line":41,"column":4}},"9":{"start":{"line":23,"column":19},"end":{"line":23,"column":98}},"10":{"start":{"line":24,"column":6},"end":{"line":24,"column":35}},"11":{"start":{"line":26,"column":6},"end":{"line":31,"column":7}},"12":{"start":{"line":29,"column":27},"end":{"line":29,"column":86}},"13":{"start":{"line":30,"column":8},"end":{"line":30,"column":53}},"14":{"start":{"line":33,"column":6},"end":{"line":36,"column":7}},"15":{"start":{"line":34,"column":8},"end":{"line":34,"column":45}},"16":{"start":{"line":35,"column":8},"end":{"line":35,"column":66}},"17":{"start":{"line":38,"column":6},"end":{"line":38,"column":53}},"18":{"start":{"line":39,"column":6},"end":{"line":39,"column":44}},"19":{"start":{"line":48,"column":2},"end":{"line":85,"column":4}},"20":{"start":{"line":89,"column":33},"end":{"line":89,"column":35}},"21":{"start":{"line":91,"column":2},"end":{"line":98,"column":3}},"22":{"start":{"line":91,"column":15},"end":{"line":91,"column":16}},"23":{"start":{"line":92,"column":16},"end":{"line":92,"column":23}},"24":{"start":{"line":93,"column":19},"end":{"line":93,"column":53}},"25":{"start":{"line":95,"column":4},"end":{"line":95,"column":44}},"26":{"start":{"line":96,"column":4},"end":{"line":96,"column":42}},"27":{"start":{"line":97,"column":4},"end":{"line":97,"column":42}},"28":{"start":{"line":100,"column":2},"end":{"line":100,"column":20}},"29":{"start":{"line":104,"column":2},"end":{"line":113,"column":4}},"30":{"start":{"line":120,"column":33},"end":{"line":124,"column":4}},"31":{"start":{"line":126,"column":2},"end":{"line":144,"column":3}},"32":{"start":{"line":126,"column":15},"end":{"line":126,"column":16}},"33":{"start":{"line":127,"column":15},"end":{"line":127,"column":30}},"34":{"start":{"line":128,"column":19},"end":{"line":128,"column":46}},"35":{"start":{"line":130,"column":4},"end":{"line":130,"column":39}},"36":{"start":{"line":131,"column":4},"end":{"line":131,"column":41}},"37":{"start":{"line":132,"column":4},"end":{"line":132,"column":47}},"38":{"start":{"line":133,"column":4},"end":{"line":133,"column":57}},"39":{"start":{"line":134,"column":4},"end":{"line":134,"column":51}},"40":{"start":{"line":135,"column":4},"end":{"line":135,"column":51}},"41":{"start":{"line":136,"column":4},"end":{"line":136,"column":59}},"42":{"start":{"line":137,"column":4},"end":{"line":137,"column":61}},"43":{"start":{"line":138,"column":4},"end":{"line":138,"column":63}},"44":{"start":{"line":139,"column":4},"end":{"line":139,"column":51}},"45":{"start":{"line":140,"column":4},"end":{"line":140,"column":51}},"46":{"start":{"line":141,"column":4},"end":{"line":141,"column":59}},"47":{"start":{"line":142,"column":4},"end":{"line":142,"column":61}},"48":{"start":{"line":143,"column":4},"end":{"line":143,"column":63}},"49":{"start":{"line":146,"column":2},"end":{"line":146,"column":20}}},"fnMap":{"0":{"name":"traceWorkflowRun","decl":{"start":{"line":7,"column":15},"end":{"line":7,"column":31}},"loc":{"start":{"line":12,"column":36},"end":{"line":42,"column":1}}},"1":{"name":"(anonymous_10)","decl":{"start":{"line":22,"column":4},"end":{"line":22,"column":9}},"loc":{"start":{"line":22,"column":23},"end":{"line":40,"column":5}}},"2":{"name":"workflowRunToAttributes","decl":{"start":{"line":44,"column":9},"end":{"line":44,"column":32}},"loc":{"start":{"line":46,"column":36},"end":{"line":86,"column":1}}},"3":{"name":"referencedWorkflowsToAttributes","decl":{"start":{"line":88,"column":9},"end":{"line":88,"column":40}},"loc":{"start":{"line":88,"column":112},"end":{"line":101,"column":1}}},"4":{"name":"headCommitToAttributes","decl":{"start":{"line":103,"column":9},"end":{"line":103,"column":31}},"loc":{"start":{"line":103,"column":92},"end":{"line":114,"column":1}}},"5":{"name":"prsToAttributes","decl":{"start":{"line":116,"column":9},"end":{"line":116,"column":24}},"loc":{"start":{"line":118,"column":36},"end":{"line":147,"column":1}}}},"branchMap":{"0":{"loc":{"start":{"line":16,"column":29},"end":{"line":16,"column":81}},"type":"binary-expr","locations":[{"start":{"line":16,"column":29},"end":{"line":16,"column":55}},{"start":{"line":16,"column":59},"end":{"line":16,"column":81}}]},"1":{"loc":{"start":{"line":20,"column":4},"end":{"line":20,"column":58}},"type":"binary-expr","locations":[{"start":{"line":20,"column":4},"end":{"line":20,"column":20}},{"start":{"line":20,"column":25},"end":{"line":20,"column":58}}]},"2":{"loc":{"start":{"line":23,"column":19},"end":{"line":23,"column":98}},"type":"cond-expr","locations":[{"start":{"line":23,"column":58},"end":{"line":23,"column":78}},{"start":{"line":23,"column":81},"end":{"line":23,"column":98}}]},"3":{"loc":{"start":{"line":26,"column":6},"end":{"line":31,"column":7}},"type":"if","locations":[{"start":{"line":26,"column":6},"end":{"line":31,"column":7}}]},"4":{"loc":{"start":{"line":51,"column":31},"end":{"line":51,"column":60}},"type":"binary-expr","locations":[{"start":{"line":51,"column":31},"end":{"line":51,"column":47}},{"start":{"line":51,"column":51},"end":{"line":51,"column":60}}]},"5":{"loc":{"start":{"line":56,"column":26},"end":{"line":56,"column":54}},"type":"binary-expr","locations":[{"start":{"line":56,"column":26},"end":{"line":56,"column":49}},{"start":{"line":56,"column":53},"end":{"line":56,"column":54}}]},"6":{"loc":{"start":{"line":62,"column":21},"end":{"line":62,"column":52}},"type":"binary-expr","locations":[{"start":{"line":62,"column":21},"end":{"line":62,"column":39}},{"start":{"line":62,"column":43},"end":{"line":62,"column":52}}]},"7":{"loc":{"start":{"line":63,"column":23},"end":{"line":63,"column":52}},"type":"binary-expr","locations":[{"start":{"line":63,"column":23},"end":{"line":63,"column":39}},{"start":{"line":63,"column":43},"end":{"line":63,"column":52}}]},"8":{"loc":{"start":{"line":67,"column":25},"end":{"line":67,"column":60}},"type":"binary-expr","locations":[{"start":{"line":67,"column":25},"end":{"line":67,"column":47}},{"start":{"line":67,"column":51},"end":{"line":67,"column":60}}]},"9":{"loc":{"start":{"line":77,"column":35},"end":{"line":77,"column":80}},"type":"binary-expr","locations":[{"start":{"line":77,"column":35},"end":{"line":77,"column":67}},{"start":{"line":77,"column":71},"end":{"line":77,"column":80}}]},"10":{"loc":{"start":{"line":79,"column":26},"end":{"line":79,"column":62}},"type":"binary-expr","locations":[{"start":{"line":79,"column":26},"end":{"line":79,"column":49}},{"start":{"line":79,"column":53},"end":{"line":79,"column":62}}]},"11":{"loc":{"start":{"line":91,"column":18},"end":{"line":91,"column":41}},"type":"binary-expr","locations":[{"start":{"line":91,"column":18},"end":{"line":91,"column":22}},{"start":{"line":91,"column":26},"end":{"line":91,"column":41}}]},"12":{"loc":{"start":{"line":126,"column":18},"end":{"line":126,"column":57}},"type":"binary-expr","locations":[{"start":{"line":126,"column":18},"end":{"line":126,"column":30}},{"start":{"line":126,"column":34},"end":{"line":126,"column":57}}]}},"s":{"0":1,"1":1,"2":1,"3":1,"4":1,"5":4,"6":4,"7":4,"8":4,"9":4,"10":4,"11":4,"12":4,"13":4,"14":4,"15":4,"16":4,"17":4,"18":4,"19":4,"20":4,"21":4,"22":4,"23":0,"24":0,"25":0,"26":0,"27":0,"28":4,"29":4,"30":4,"31":4,"32":4,"33":4,"34":4,"35":4,"36":4,"37":4,"38":4,"39":4,"40":4,"41":4,"42":4,"43":4,"44":4,"45":4,"46":4,"47":4,"48":4,"49":4},"f":{"0":4,"1":4,"2":4,"3":4,"4":4,"5":4},"b":{"0":[4,0],"1":[4,0],"2":[1,3],"3":[4],"4":[4,0],"5":[4,0],"6":[4,0],"7":[4,0],"8":[4,0],"9":[4,4],"10":[4,4],"11":[4,0],"12":[8,8]}}
}
