TN:
SF:src/otel-cicd-action/trace/job.ts
FN:16,traceJob
FN:34,(anonymous_1)
FN:75,jobToAttributes
FN:120,annotationsToAttributes
FN:140,filterProcessesBeforeTime
FNF:5
FNH:5
FNDA:4,traceJob
FNDA:4,(anonymous_1)
FNDA:4,jobToAttributes
FNDA:4,annotationsToAttributes
FNDA:7,filterProcessesBeforeTime
DA:2,2
DA:3,2
DA:12,2
DA:14,2
DA:19,4
DA:21,4
DA:22,0
DA:27,4
DA:28,4
DA:29,4
DA:34,4
DA:35,4
DA:36,4
DA:39,4
DA:42,3
DA:43,1
DA:46,1
DA:47,2
DA:48,2
DA:49,2
DA:55,2
DA:56,2
DA:60,2
DA:61,0
DA:65,2
DA:66,4
DA:71,3
DA:78,4
DA:79,0
DA:80,4
DA:81,4
DA:82,0
DA:83,0
DA:86,4
DA:121,4
DA:123,4
DA:124,4
DA:125,4
DA:127,4
DA:128,4
DA:131,4
DA:141,7
DA:144,7
DA:145,8
DA:148,8
DA:150,2
DA:151,2
DA:156,6
DA:159,2
LF:49
LH:44
BRDA:21,0,0,0
BRDA:35,1,0,1
BRDA:35,1,1,3
BRDA:42,2,0,1
BRDA:42,2,1,2
BRDA:42,3,0,3
BRDA:42,3,1,3
BRDA:42,3,2,3
BRDA:47,4,0,2
BRDA:47,4,1,0
BRDA:48,5,0,2
BRDA:60,6,0,0
BRDA:65,7,0,2
BRDA:65,7,1,0
BRDA:78,8,0,0
BRDA:78,8,1,4
BRDA:80,9,0,4
BRDA:80,9,1,0
BRDA:82,10,0,0
BRDA:91,11,0,4
BRDA:91,11,1,4
BRDA:97,12,0,4
BRDA:97,12,1,0
BRDA:101,13,0,4
BRDA:101,13,1,4
BRDA:103,14,0,4
BRDA:103,14,1,0
BRDA:104,15,0,4
BRDA:104,15,1,4
BRDA:105,16,0,4
BRDA:105,16,1,4
BRDA:106,17,0,4
BRDA:106,17,1,4
BRDA:107,18,0,4
BRDA:107,18,1,0
BRDA:111,19,0,4
BRDA:111,19,1,0
BRDA:112,20,0,4
BRDA:112,20,1,0
BRDA:114,21,0,4
BRDA:114,21,1,4
BRDA:115,22,0,4
BRDA:115,22,1,4
BRDA:123,23,0,8
BRDA:123,23,1,8
BRDA:127,24,0,4
BRDA:127,24,1,0
BRDA:128,25,0,4
BRDA:128,25,1,0
BRDA:148,26,0,2
BRF:50
BRH:36
end_of_record
TN:
SF:src/otel-cicd-action/trace/process.ts
FN:13,traceProcessTree
FN:24,(anonymous_1)
FN:46,(anonymous_2)
FN:64,traceChildProcess
FN:67,(anonymous_4)
FN:74,(anonymous_5)
FN:96,(anonymous_6)
FN:114,addFileEventsToSpan
FN:138,processToAttributes
FN:179,traceProcessTrees
FN:180,(anonymous_10)
FN:190,associateProcessesWithSteps
FN:197,(anonymous_12)
FN:246,addStepContextToSpan
FNF:14
FNH:0
FNDA:0,traceProcessTree
FNDA:0,(anonymous_1)
FNDA:0,(anonymous_2)
FNDA:0,traceChildProcess
FNDA:0,(anonymous_4)
FNDA:0,(anonymous_5)
FNDA:0,(anonymous_6)
FNDA:0,addFileEventsToSpan
FNDA:0,processToAttributes
FNDA:0,traceProcessTrees
FNDA:0,(anonymous_10)
FNDA:0,associateProcessesWithSteps
FNDA:0,(anonymous_12)
FNDA:0,addStepContextToSpan
DA:1,2
DA:4,2
DA:13,2
DA:14,0
DA:17,0
DA:18,0
DA:26,0
DA:27,0
DA:31,0
DA:34,0
DA:35,0
DA:36,0
DA:37,0
DA:38,0
DA:39,0
DA:41,0
DA:46,0
DA:47,0
DA:50,0
DA:53,0
DA:65,0
DA:67,0
DA:68,0
DA:76,0
DA:77,0
DA:81,0
DA:84,0
DA:85,0
DA:86,0
DA:87,0
DA:88,0
DA:89,0
DA:91,0
DA:96,0
DA:97,0
DA:100,0
DA:103,0
DA:115,0
DA:116,0
DA:139,0
DA:141,0
DA:166,0
DA:167,0
DA:168,0
DA:171,0
DA:179,2
DA:180,0
DA:181,0
DA:190,2
DA:194,0
DA:197,0
DA:198,0
DA:202,0
DA:203,0
DA:207,0
DA:209,0
DA:210,0
DA:212,0
DA:214,0
DA:215,0
DA:216,0
DA:217,0
DA:218,0
DA:223,0
DA:224,0
DA:225,0
DA:226,0
DA:231,0
DA:232,0
DA:233,0
DA:234,0
DA:238,0
DA:246,2
DA:247,0
DA:248,0
DA:249,0
DA:250,0
DA:252,0
DA:253,0
DA:256,0
DA:257,0
LF:81
LH:6
BRDA:19,0,0,0
BRDA:19,0,1,0
BRDA:26,1,0,0
BRDA:34,2,0,0
BRDA:35,3,0,0
BRDA:35,3,1,0
BRDA:36,4,0,0
BRDA:36,4,1,0
BRDA:53,5,0,0
BRDA:53,5,1,0
BRDA:69,6,0,0
BRDA:69,6,1,0
BRDA:76,7,0,0
BRDA:84,8,0,0
BRDA:85,9,0,0
BRDA:85,9,1,0
BRDA:86,10,0,0
BRDA:86,10,1,0
BRDA:103,11,0,0
BRDA:103,11,1,0
BRDA:150,12,0,0
BRDA:150,12,1,0
BRDA:151,13,0,0
BRDA:151,13,1,0
BRDA:166,14,0,0
BRDA:210,15,0,0
BRDA:214,16,0,0
BRDA:216,17,0,0
BRDA:216,18,0,0
BRDA:216,18,1,0
BRDA:224,19,0,0
BRDA:231,20,0,0
BRDA:232,21,0,0
BRDA:232,21,1,0
BRDA:250,22,0,0
BRDA:250,22,1,0
BRDA:252,23,0,0
BRDA:256,24,0,0
BRF:38
BRH:0
end_of_record
TN:
SF:src/otel-cicd-action/trace/step.ts
FN:6,traceStep
FN:25,(anonymous_1)
FN:34,stepToAttributes
FNF:3
FNH:3
FNDA:5,traceStep
FNDA:5,(anonymous_1)
FNDA:5,stepToAttributes
DA:2,3
DA:7,5
DA:9,5
DA:10,3
DA:15,5
DA:16,2
DA:21,5
DA:22,5
DA:23,5
DA:25,5
DA:26,5
DA:27,5
DA:30,5
DA:35,5
DA:46,3
LF:15
LH:15
BRDA:9,0,0,3
BRDA:9,1,0,5
BRDA:9,1,1,2
BRDA:15,2,0,2
BRDA:15,3,0,5
BRDA:15,3,1,4
BRDA:16,4,0,2
BRDA:16,4,1,0
BRDA:21,5,0,5
BRDA:21,5,1,0
BRDA:26,6,0,1
BRDA:26,6,1,4
BRDA:37,7,0,5
BRDA:37,7,1,1
BRDA:40,8,0,5
BRDA:40,8,1,0
BRDA:41,9,0,5
BRDA:41,9,1,0
BRF:18
BRH:14
end_of_record
TN:
SF:src/otel-cicd-action/trace/workflow.ts
FN:7,traceWorkflowRun
FN:22,(anonymous_10)
FN:44,workflowRunToAttributes
FN:88,referencedWorkflowsToAttributes
FN:103,headCommitToAttributes
FN:116,prsToAttributes
FNF:6
FNH:6
FNDA:4,traceWorkflowRun
FNDA:4,(anonymous_10)
FNDA:4,workflowRunToAttributes
FNDA:4,referencedWorkflowsToAttributes
FNDA:4,headCommitToAttributes
FNDA:4,prsToAttributes
DA:2,1
DA:3,1
DA:4,1
DA:5,1
DA:14,4
DA:16,4
DA:17,4
DA:19,4
DA:23,4
DA:24,4
DA:26,4
DA:29,4
DA:30,4
DA:33,4
DA:34,4
DA:35,4
DA:38,4
DA:39,4
DA:48,4
DA:89,4
DA:91,4
DA:92,0
DA:93,0
DA:95,0
DA:96,0
DA:97,0
DA:100,4
DA:104,4
DA:120,4
DA:126,4
DA:127,4
DA:128,4
DA:130,4
DA:131,4
DA:132,4
DA:133,4
DA:134,4
DA:135,4
DA:136,4
DA:137,4
DA:138,4
DA:139,4
DA:140,4
DA:141,4
DA:142,4
DA:143,4
DA:146,4
DA:149,1
LF:48
LH:43
BRDA:16,0,0,4
BRDA:16,0,1,0
BRDA:20,1,0,4
BRDA:20,1,1,0
BRDA:23,2,0,1
BRDA:23,2,1,3
BRDA:26,3,0,4
BRDA:51,4,0,4
BRDA:51,4,1,0
BRDA:56,5,0,4
BRDA:56,5,1,0
BRDA:62,6,0,4
BRDA:62,6,1,0
BRDA:63,7,0,4
BRDA:63,7,1,0
BRDA:67,8,0,4
BRDA:67,8,1,0
BRDA:77,9,0,4
BRDA:77,9,1,4
BRDA:79,10,0,4
BRDA:79,10,1,4
BRDA:91,11,0,4
BRDA:91,11,1,0
BRDA:126,12,0,8
BRDA:126,12,1,8
BRF:25
BRH:17
end_of_record
